<?xml version="1.0" encoding="UTF-8"?>
<!-- Generated by org.testng.reporters.JUnitReportReporter -->
<testsuite skipped="0" hostname="Skillray" name="scripts.Deliverytheproduct" tests="1" failures="0" timestamp="2020-06-08T15:51:07 IST" time="40.230" errors="0">
  <testcase name="productdeliver" time="40.230" classname="scripts.Deliverytheproduct"/>
</testsuite> <!-- scripts.Deliverytheproduct -->
