<?xml version="1.0" encoding="UTF-8"?>
<!-- Generated by org.testng.reporters.JUnitReportReporter -->
<testsuite skipped="0" hostname="Skillray" name="scripts.Addingtheproductcart" tests="1" failures="0" timestamp="2020-06-08T15:51:07 IST" time="37.966" errors="0">
  <testcase name="addingcart" time="37.966" classname="scripts.Addingtheproductcart"/>
</testsuite> <!-- scripts.Addingtheproductcart -->
